[3804:13040:1128/202626.131:ERROR:token_service_table.cc(140)] Failed to decrypt token for service AccountId-106979278638663459526
[3804:15692:1128/202626.392:INFO:login_database.cc(1417)] Password decryption failed, encryption_result is 1
[3804:15692:1128/202626.392:INFO:login_database.cc(1417)] Password decryption failed, encryption_result is 1
[3804:15692:1128/202626.392:INFO:login_database.cc(1417)] Password decryption failed, encryption_result is 1
[3804:15692:1128/202626.392:INFO:login_database.cc(1417)] Password decryption failed, encryption_result is 1
[3804:15692:1128/202626.392:INFO:login_database.cc(1417)] Password decryption failed, encryption_result is 1
[3804:15692:1128/202626.396:INFO:login_database.cc(1417)] Password decryption failed, encryption_result is 1
[3804:15692:1128/202626.396:INFO:login_database.cc(1417)] Password decryption failed, encryption_result is 1
[3804:15692:1128/202626.396:INFO:login_database.cc(1417)] Password decryption failed, encryption_result is 1
[3804:15692:1128/202626.396:INFO:login_database.cc(1417)] Password decryption failed, encryption_result is 1
[3804:15692:1128/202626.396:INFO:login_database.cc(1417)] Password decryption failed, encryption_result is 1
[3804:15692:1128/202626.396:INFO:login_database.cc(1417)] Password decryption failed, encryption_result is 1
[3804:15692:1128/202626.396:INFO:login_database.cc(1417)] Password decryption failed, encryption_result is 1
[3804:15692:1128/202626.396:INFO:login_database.cc(1417)] Password decryption failed, encryption_result is 1
[3804:15692:1128/202626.396:INFO:login_database.cc(1417)] Password decryption failed, encryption_result is 1
[3804:15692:1128/202626.396:INFO:login_database.cc(1417)] Password decryption failed, encryption_result is 1
[3804:15692:1128/202626.396:INFO:login_database.cc(1417)] Password decryption failed, encryption_result is 1
[3804:15692:1128/202626.397:INFO:login_database.cc(1417)] Password decryption failed, encryption_result is 1
[3804:15692:1128/202626.397:INFO:login_database.cc(1417)] Password decryption failed, encryption_result is 1
[3804:15692:1128/202626.397:INFO:login_database.cc(1417)] Password decryption failed, encryption_result is 1
[3804:15692:1128/202626.397:INFO:login_database.cc(1417)] Password decryption failed, encryption_result is 1
[3804:15692:1128/202626.397:INFO:login_database.cc(1417)] Password decryption failed, encryption_result is 1
[3804:15692:1128/202626.397:INFO:login_database.cc(1417)] Password decryption failed, encryption_result is 1
[3804:15692:1128/202626.397:INFO:login_database.cc(1417)] Password decryption failed, encryption_result is 1
[3804:15692:1128/202626.397:INFO:login_database.cc(1417)] Password decryption failed, encryption_result is 1
[3804:15692:1128/202626.397:INFO:login_database.cc(1417)] Password decryption failed, encryption_result is 1
[3804:15692:1128/202626.397:INFO:login_database.cc(1417)] Password decryption failed, encryption_result is 1
[3804:15692:1128/202626.397:INFO:login_database.cc(1417)] Password decryption failed, encryption_result is 1
[3804:15692:1128/202626.397:INFO:login_database.cc(1417)] Password decryption failed, encryption_result is 1
[3804:15692:1128/202626.397:INFO:login_database.cc(1417)] Password decryption failed, encryption_result is 1
[3804:15692:1128/202626.397:INFO:login_database.cc(1417)] Password decryption failed, encryption_result is 1
[3804:15692:1128/202626.397:INFO:login_database.cc(1417)] Password decryption failed, encryption_result is 1
[3804:15692:1128/202626.397:INFO:login_database.cc(1417)] Password decryption failed, encryption_result is 1
[3804:15692:1128/202626.397:INFO:login_database.cc(1417)] Password decryption failed, encryption_result is 1
[3804:15692:1128/202626.397:INFO:login_database.cc(1417)] Password decryption failed, encryption_result is 1
[3804:15692:1128/202626.397:INFO:login_database.cc(1417)] Password decryption failed, encryption_result is 1
[3804:15692:1128/202626.397:INFO:login_database.cc(1417)] Password decryption failed, encryption_result is 1
[3804:15692:1128/202626.397:INFO:login_database.cc(1417)] Password decryption failed, encryption_result is 1
[3804:15692:1128/202626.397:INFO:login_database.cc(1417)] Password decryption failed, encryption_result is 1
[3804:15692:1128/202626.397:INFO:login_database.cc(1417)] Password decryption failed, encryption_result is 1
[3804:15692:1128/202626.397:INFO:login_database.cc(1417)] Password decryption failed, encryption_result is 1
[3804:15692:1128/202626.397:INFO:login_database.cc(1417)] Password decryption failed, encryption_result is 1
[3804:15692:1128/202626.397:INFO:login_database.cc(1417)] Password decryption failed, encryption_result is 1
[3804:15692:1128/202626.397:INFO:login_database.cc(1417)] Password decryption failed, encryption_result is 1
[3804:15692:1128/202626.397:INFO:login_database.cc(1417)] Password decryption failed, encryption_result is 1
[3804:15692:1128/202626.397:INFO:login_database.cc(1417)] Password decryption failed, encryption_result is 1
[3804:15692:1128/202626.397:INFO:login_database.cc(1417)] Password decryption failed, encryption_result is 1
[3804:15692:1128/202626.397:INFO:login_database.cc(1417)] Password decryption failed, encryption_result is 1
[3804:15692:1128/202626.397:INFO:login_database.cc(1417)] Password decryption failed, encryption_result is 1
[3804:15692:1128/202626.397:INFO:login_database.cc(1417)] Password decryption failed, encryption_result is 1
[3804:15692:1128/202626.397:INFO:login_database.cc(1417)] Password decryption failed, encryption_result is 1
[3804:15692:1128/202626.397:INFO:login_database.cc(1417)] Password decryption failed, encryption_result is 1
[3804:15692:1128/202626.397:INFO:login_database.cc(1417)] Password decryption failed, encryption_result is 1
[3804:15692:1128/202626.397:INFO:login_database.cc(1417)] Password decryption failed, encryption_result is 1
[3804:15692:1128/202626.397:INFO:login_database.cc(1417)] Password decryption failed, encryption_result is 1
[3804:15692:1128/202626.397:INFO:login_database.cc(1417)] Password decryption failed, encryption_result is 1
[3804:15692:1128/202626.397:INFO:login_database.cc(1417)] Password decryption failed, encryption_result is 1
[3804:15692:1128/202626.397:INFO:login_database.cc(1417)] Password decryption failed, encryption_result is 1
[3804:15692:1128/202626.397:INFO:login_database.cc(1417)] Password decryption failed, encryption_result is 1
[3804:15692:1128/202626.397:INFO:login_database.cc(1417)] Password decryption failed, encryption_result is 1
[3804:15692:1128/202626.397:INFO:login_database.cc(1417)] Password decryption failed, encryption_result is 1
[3804:15692:1128/202626.397:INFO:login_database.cc(1417)] Password decryption failed, encryption_result is 1
[3804:15692:1128/202626.397:INFO:login_database.cc(1417)] Password decryption failed, encryption_result is 1
[3804:15692:1128/202626.397:INFO:login_database.cc(1417)] Password decryption failed, encryption_result is 1
[3804:15692:1128/202626.397:INFO:login_database.cc(1417)] Password decryption failed, encryption_result is 1
[3804:15692:1128/202626.397:INFO:login_database.cc(1417)] Password decryption failed, encryption_result is 1
[3804:15692:1128/202626.397:INFO:login_database.cc(1417)] Password decryption failed, encryption_result is 1
[3804:15692:1128/202626.397:INFO:login_database.cc(1417)] Password decryption failed, encryption_result is 1
[3804:15692:1128/202626.397:INFO:login_database.cc(1417)] Password decryption failed, encryption_result is 1
[3804:15692:1128/202626.397:INFO:login_database.cc(1417)] Password decryption failed, encryption_result is 1
[3804:15692:1128/202626.397:INFO:login_database.cc(1417)] Password decryption failed, encryption_result is 1
[3804:15692:1128/202626.397:INFO:login_database.cc(1417)] Password decryption failed, encryption_result is 1
[3804:15692:1128/202626.398:INFO:login_database.cc(1417)] Password decryption failed, encryption_result is 1
[3804:15692:1128/202626.398:INFO:login_database.cc(1417)] Password decryption failed, encryption_result is 1
[3804:15692:1128/202626.398:INFO:login_database.cc(1417)] Password decryption failed, encryption_result is 1
[3804:15692:1128/202626.398:INFO:login_database.cc(1417)] Password decryption failed, encryption_result is 1
[3804:15692:1128/202626.398:INFO:login_database.cc(1417)] Password decryption failed, encryption_result is 1
[3804:15692:1128/202626.398:INFO:login_database.cc(1417)] Password decryption failed, encryption_result is 1
[3804:15692:1128/202626.398:INFO:login_database.cc(1417)] Password decryption failed, encryption_result is 1
[3804:15692:1128/202626.398:INFO:login_database.cc(1417)] Password decryption failed, encryption_result is 1
[3804:15692:1128/202626.398:INFO:login_database.cc(1417)] Password decryption failed, encryption_result is 1
[3804:15692:1128/202626.398:INFO:login_database.cc(1417)] Password decryption failed, encryption_result is 1
[3804:15692:1128/202626.398:INFO:login_database.cc(1417)] Password decryption failed, encryption_result is 1
[3804:15692:1128/202626.398:INFO:login_database.cc(1417)] Password decryption failed, encryption_result is 1
[3804:15692:1128/202626.398:INFO:login_database.cc(1417)] Password decryption failed, encryption_result is 1
[3804:15692:1128/202626.398:INFO:login_database.cc(1417)] Password decryption failed, encryption_result is 1
[3804:15692:1128/202626.398:INFO:login_database.cc(1417)] Password decryption failed, encryption_result is 1
[3804:15692:1128/202626.398:INFO:login_database.cc(1417)] Password decryption failed, encryption_result is 1
[3804:15692:1128/202626.398:INFO:login_database.cc(1417)] Password decryption failed, encryption_result is 1
[3804:15692:1128/202626.398:INFO:login_database.cc(1417)] Password decryption failed, encryption_result is 1
[3804:15692:1128/202626.398:INFO:login_database.cc(1417)] Password decryption failed, encryption_result is 1
[3804:15692:1128/202626.398:INFO:login_database.cc(1417)] Password decryption failed, encryption_result is 1
[3804:15692:1128/202626.398:INFO:login_database.cc(1417)] Password decryption failed, encryption_result is 1
[3804:15692:1128/202626.398:INFO:login_database.cc(1417)] Password decryption failed, encryption_result is 1
[3804:15692:1128/202626.398:INFO:login_database.cc(1417)] Password decryption failed, encryption_result is 1
[3804:15692:1128/202626.398:INFO:login_database.cc(1417)] Password decryption failed, encryption_result is 1
[3804:15692:1128/202626.398:INFO:login_database.cc(1417)] Password decryption failed, encryption_result is 1
[3804:15692:1128/202626.398:INFO:login_database.cc(1417)] Password decryption failed, encryption_result is 1
[3804:15692:1128/202626.398:INFO:login_database.cc(1417)] Password decryption failed, encryption_result is 1
[3804:15692:1128/202626.398:INFO:login_database.cc(1417)] Password decryption failed, encryption_result is 1
[3804:15692:1128/202626.398:INFO:login_database.cc(1417)] Password decryption failed, encryption_result is 1
[3804:15692:1128/202626.398:INFO:login_database.cc(1417)] Password decryption failed, encryption_result is 1
[3804:15692:1128/202626.398:INFO:login_database.cc(1417)] Password decryption failed, encryption_result is 1
[3804:15692:1128/202626.398:INFO:login_database.cc(1417)] Password decryption failed, encryption_result is 1
[3804:15692:1128/202626.398:INFO:login_database.cc(1417)] Password decryption failed, encryption_result is 1
[3804:15692:1128/202626.398:INFO:login_database.cc(1417)] Password decryption failed, encryption_result is 1
[3804:15692:1128/202626.398:INFO:login_database.cc(1417)] Password decryption failed, encryption_result is 1
[3804:15692:1128/202626.398:INFO:login_database.cc(1417)] Password decryption failed, encryption_result is 1
[3804:15692:1128/202626.398:INFO:login_database.cc(1417)] Password decryption failed, encryption_result is 1
[3804:15692:1128/202626.398:INFO:login_database.cc(1417)] Password decryption failed, encryption_result is 1
[3804:15692:1128/202626.398:INFO:login_database.cc(1417)] Password decryption failed, encryption_result is 1
[3804:15692:1128/202626.399:INFO:login_database.cc(1417)] Password decryption failed, encryption_result is 1
[3804:15692:1128/202626.399:INFO:login_database.cc(1417)] Password decryption failed, encryption_result is 1
[3804:15692:1128/202626.399:INFO:login_database.cc(1417)] Password decryption failed, encryption_result is 1
[3804:15692:1128/202626.399:INFO:login_database.cc(1417)] Password decryption failed, encryption_result is 1
[3804:15692:1128/202626.399:INFO:login_database.cc(1417)] Password decryption failed, encryption_result is 1
[3804:15692:1128/202626.399:INFO:login_database.cc(1417)] Password decryption failed, encryption_result is 1
[3804:15692:1128/202626.399:INFO:login_database.cc(1417)] Password decryption failed, encryption_result is 1
[3804:15692:1128/202626.399:INFO:login_database.cc(1417)] Password decryption failed, encryption_result is 1
[3804:15692:1128/202626.399:INFO:login_database.cc(1417)] Password decryption failed, encryption_result is 1
[3804:15692:1128/202626.399:INFO:login_database.cc(1417)] Password decryption failed, encryption_result is 1
[3804:15692:1128/202626.399:INFO:login_database.cc(1417)] Password decryption failed, encryption_result is 1
[3804:15692:1128/202626.399:INFO:login_database.cc(1417)] Password decryption failed, encryption_result is 1
[3804:15692:1128/202626.399:INFO:login_database.cc(1417)] Password decryption failed, encryption_result is 1
[3804:15692:1128/202626.399:INFO:login_database.cc(1417)] Password decryption failed, encryption_result is 1
[3804:15692:1128/202626.399:INFO:login_database.cc(1417)] Password decryption failed, encryption_result is 1
[3804:15692:1128/202626.399:INFO:login_database.cc(1417)] Password decryption failed, encryption_result is 1
[3804:15692:1128/202626.399:INFO:login_database.cc(1417)] Password decryption failed, encryption_result is 1
[3804:15692:1128/202626.399:INFO:login_database.cc(1417)] Password decryption failed, encryption_result is 1
[3804:15692:1128/202626.399:INFO:login_database.cc(1417)] Password decryption failed, encryption_result is 1
[3804:15692:1128/202626.399:INFO:login_database.cc(1417)] Password decryption failed, encryption_result is 1
[3804:15692:1128/202626.399:INFO:login_database.cc(1417)] Password decryption failed, encryption_result is 1
[3804:15692:1128/202626.399:INFO:login_database.cc(1417)] Password decryption failed, encryption_result is 1
[3804:15692:1128/202626.399:INFO:login_database.cc(1417)] Password decryption failed, encryption_result is 1
[3804:15692:1128/202626.399:INFO:login_database.cc(1417)] Password decryption failed, encryption_result is 1
[3804:15692:1128/202626.399:INFO:login_database.cc(1417)] Password decryption failed, encryption_result is 1
[3804:15692:1128/202626.399:INFO:login_database.cc(1417)] Password decryption failed, encryption_result is 1
[3804:15692:1128/202626.399:INFO:login_database.cc(1417)] Password decryption failed, encryption_result is 1
[3804:15692:1128/202626.399:INFO:login_database.cc(1417)] Password decryption failed, encryption_result is 1
[3804:15692:1128/202626.399:INFO:login_database.cc(1417)] Password decryption failed, encryption_result is 1
[3804:15692:1128/202626.399:INFO:login_database.cc(1417)] Password decryption failed, encryption_result is 1
[3804:15692:1128/202626.399:INFO:login_database.cc(1417)] Password decryption failed, encryption_result is 1
[3804:15692:1128/202626.399:INFO:login_database.cc(1417)] Password decryption failed, encryption_result is 1
[3804:15692:1128/202626.399:INFO:login_database.cc(1417)] Password decryption failed, encryption_result is 1
[3804:15692:1128/202626.399:INFO:login_database.cc(1417)] Password decryption failed, encryption_result is 1
[3804:15692:1128/202626.399:INFO:login_database.cc(1417)] Password decryption failed, encryption_result is 1
[3804:15692:1128/202626.399:INFO:login_database.cc(1417)] Password decryption failed, encryption_result is 1
[3804:15692:1128/202626.399:INFO:login_database.cc(1417)] Password decryption failed, encryption_result is 1
[3804:15692:1128/202626.399:INFO:login_database.cc(1417)] Password decryption failed, encryption_result is 1
[3804:15692:1128/202626.399:INFO:login_database.cc(1417)] Password decryption failed, encryption_result is 1
[3804:15692:1128/202626.399:INFO:login_database.cc(1417)] Password decryption failed, encryption_result is 1
[3804:15692:1128/202626.399:INFO:login_database.cc(1417)] Password decryption failed, encryption_result is 1
[3804:15692:1128/202626.399:INFO:login_database.cc(1417)] Password decryption failed, encryption_result is 1
[3804:2548:1128/202635.151:ERROR:gcm_store_impl.cc(941)] Failed to restore security token.
[3804:13320:1128/202635.808:ERROR:mcs_client.cc(706)]   Error code: 500  Error message: Cannot parse data.
[3804:13320:1128/202635.808:ERROR:mcs_client.cc(708)] Failed to log in to GCM, resetting connection.
[3804:9076:1128/202646.319:INFO:login_database.cc(1417)] Password decryption failed, encryption_result is 1
[3804:9076:1128/202646.319:INFO:login_database.cc(1417)] Password decryption failed, encryption_result is 1
[3804:9076:1128/202646.319:INFO:login_database.cc(1417)] Password decryption failed, encryption_result is 1
[3804:9076:1128/202646.319:INFO:login_database.cc(1417)] Password decryption failed, encryption_result is 1
[3804:9076:1128/202646.319:INFO:login_database.cc(1417)] Password decryption failed, encryption_result is 1
[3804:9076:1128/202646.319:INFO:login_database.cc(1417)] Password decryption failed, encryption_result is 1
[3804:9076:1128/202646.319:INFO:login_database.cc(1417)] Password decryption failed, encryption_result is 1
[3804:9076:1128/202646.319:INFO:login_database.cc(1417)] Password decryption failed, encryption_result is 1
[3804:9076:1128/202646.319:INFO:login_database.cc(1417)] Password decryption failed, encryption_result is 1
[3804:9076:1128/202646.319:INFO:login_database.cc(1417)] Password decryption failed, encryption_result is 1
[3804:9076:1128/202646.319:INFO:login_database.cc(1417)] Password decryption failed, encryption_result is 1
[3804:9076:1128/202646.319:INFO:login_database.cc(1417)] Password decryption failed, encryption_result is 1
[3804:9076:1128/202646.319:INFO:login_database.cc(1417)] Password decryption failed, encryption_result is 1
[3804:9076:1128/202646.319:INFO:login_database.cc(1417)] Password decryption failed, encryption_result is 1
[3804:9076:1128/202646.319:INFO:login_database.cc(1417)] Password decryption failed, encryption_result is 1
[3804:9076:1128/202646.319:INFO:login_database.cc(1417)] Password decryption failed, encryption_result is 1
[3804:9076:1128/202646.319:INFO:login_database.cc(1417)] Password decryption failed, encryption_result is 1
[3804:9076:1128/202646.319:INFO:login_database.cc(1417)] Password decryption failed, encryption_result is 1
[3804:9076:1128/202646.319:INFO:login_database.cc(1417)] Password decryption failed, encryption_result is 1
[3804:9076:1128/202646.319:INFO:login_database.cc(1417)] Password decryption failed, encryption_result is 1
[3804:9076:1128/202646.319:INFO:login_database.cc(1417)] Password decryption failed, encryption_result is 1
[3804:9076:1128/202646.319:INFO:login_database.cc(1417)] Password decryption failed, encryption_result is 1
[3804:9076:1128/202646.319:INFO:login_database.cc(1417)] Password decryption failed, encryption_result is 1
[3804:9076:1128/202646.319:INFO:login_database.cc(1417)] Password decryption failed, encryption_result is 1
[3804:9076:1128/202646.319:INFO:login_database.cc(1417)] Password decryption failed, encryption_result is 1
[3804:9076:1128/202646.319:INFO:login_database.cc(1417)] Password decryption failed, encryption_result is 1
[3804:9076:1128/202646.319:INFO:login_database.cc(1417)] Password decryption failed, encryption_result is 1
[3804:9076:1128/202646.319:INFO:login_database.cc(1417)] Password decryption failed, encryption_result is 1
[3804:9076:1128/202646.319:INFO:login_database.cc(1417)] Password decryption failed, encryption_result is 1
[3804:9076:1128/202646.319:INFO:login_database.cc(1417)] Password decryption failed, encryption_result is 1
[3804:9076:1128/202646.319:INFO:login_database.cc(1417)] Password decryption failed, encryption_result is 1
[3804:9076:1128/202646.319:INFO:login_database.cc(1417)] Password decryption failed, encryption_result is 1
[3804:9076:1128/202646.319:INFO:login_database.cc(1417)] Password decryption failed, encryption_result is 1
[3804:9076:1128/202646.320:INFO:login_database.cc(1417)] Password decryption failed, encryption_result is 1
[3804:9076:1128/202646.320:INFO:login_database.cc(1417)] Password decryption failed, encryption_result is 1
[3804:9076:1128/202646.320:INFO:login_database.cc(1417)] Password decryption failed, encryption_result is 1
[3804:9076:1128/202646.320:INFO:login_database.cc(1417)] Password decryption failed, encryption_result is 1
[3804:9076:1128/202646.320:INFO:login_database.cc(1417)] Password decryption failed, encryption_result is 1
[3804:9076:1128/202646.320:INFO:login_database.cc(1417)] Password decryption failed, encryption_result is 1
[3804:9076:1128/202646.320:INFO:login_database.cc(1417)] Password decryption failed, encryption_result is 1
[3804:9076:1128/202646.320:INFO:login_database.cc(1417)] Password decryption failed, encryption_result is 1
[3804:9076:1128/202646.320:INFO:login_database.cc(1417)] Password decryption failed, encryption_result is 1
[3804:9076:1128/202646.320:INFO:login_database.cc(1417)] Password decryption failed, encryption_result is 1
[3804:9076:1128/202646.320:INFO:login_database.cc(1417)] Password decryption failed, encryption_result is 1
[3804:9076:1128/202646.320:INFO:login_database.cc(1417)] Password decryption failed, encryption_result is 1
[3804:9076:1128/202646.320:INFO:login_database.cc(1417)] Password decryption failed, encryption_result is 1
[3804:9076:1128/202646.320:INFO:login_database.cc(1417)] Password decryption failed, encryption_result is 1
[3804:9076:1128/202646.320:INFO:login_database.cc(1417)] Password decryption failed, encryption_result is 1
[3804:9076:1128/202646.320:INFO:login_database.cc(1417)] Password decryption failed, encryption_result is 1
[3804:9076:1128/202646.320:INFO:login_database.cc(1417)] Password decryption failed, encryption_result is 1
[3804:9076:1128/202646.320:INFO:login_database.cc(1417)] Password decryption failed, encryption_result is 1
[3804:9076:1128/202646.320:INFO:login_database.cc(1417)] Password decryption failed, encryption_result is 1
[3804:9076:1128/202646.320:INFO:login_database.cc(1417)] Password decryption failed, encryption_result is 1
[3804:9076:1128/202646.320:INFO:login_database.cc(1417)] Password decryption failed, encryption_result is 1
[3804:9076:1128/202646.320:INFO:login_database.cc(1417)] Password decryption failed, encryption_result is 1
[3804:9076:1128/202646.320:INFO:login_database.cc(1417)] Password decryption failed, encryption_result is 1
[3804:9076:1128/202646.320:INFO:login_database.cc(1417)] Password decryption failed, encryption_result is 1
[3804:9076:1128/202646.320:INFO:login_database.cc(1417)] Password decryption failed, encryption_result is 1
[3804:9076:1128/202646.320:INFO:login_database.cc(1417)] Password decryption failed, encryption_result is 1
[3804:9076:1128/202646.320:INFO:login_database.cc(1417)] Password decryption failed, encryption_result is 1
[3804:9076:1128/202646.320:INFO:login_database.cc(1417)] Password decryption failed, encryption_result is 1
[3804:9076:1128/202646.320:INFO:login_database.cc(1417)] Password decryption failed, encryption_result is 1
[3804:9076:1128/202646.320:INFO:login_database.cc(1417)] Password decryption failed, encryption_result is 1
[3804:9076:1128/202646.320:INFO:login_database.cc(1417)] Password decryption failed, encryption_result is 1
[3804:9076:1128/202646.320:INFO:login_database.cc(1417)] Password decryption failed, encryption_result is 1
[3804:9076:1128/202646.320:INFO:login_database.cc(1417)] Password decryption failed, encryption_result is 1
[3804:9076:1128/202646.320:INFO:login_database.cc(1417)] Password decryption failed, encryption_result is 1
[3804:9076:1128/202646.320:INFO:login_database.cc(1417)] Password decryption failed, encryption_result is 1
[3804:9076:1128/202646.320:INFO:login_database.cc(1417)] Password decryption failed, encryption_result is 1
[3804:9076:1128/202646.320:INFO:login_database.cc(1417)] Password decryption failed, encryption_result is 1
[3804:9076:1128/202646.320:INFO:login_database.cc(1417)] Password decryption failed, encryption_result is 1
[3804:9076:1128/202646.320:INFO:login_database.cc(1417)] Password decryption failed, encryption_result is 1
[3804:9076:1128/202646.320:INFO:login_database.cc(1417)] Password decryption failed, encryption_result is 1
[3804:9076:1128/202646.320:INFO:login_database.cc(1417)] Password decryption failed, encryption_result is 1
[3804:9076:1128/202646.320:INFO:login_database.cc(1417)] Password decryption failed, encryption_result is 1
[3804:9076:1128/202646.320:INFO:login_database.cc(1417)] Password decryption failed, encryption_result is 1
[3804:9076:1128/202646.320:INFO:login_database.cc(1417)] Password decryption failed, encryption_result is 1
[3804:9076:1128/202646.320:INFO:login_database.cc(1417)] Password decryption failed, encryption_result is 1
[3804:9076:1128/202646.320:INFO:login_database.cc(1417)] Password decryption failed, encryption_result is 1
[3804:9076:1128/202646.320:INFO:login_database.cc(1417)] Password decryption failed, encryption_result is 1
[3804:9076:1128/202646.320:INFO:login_database.cc(1417)] Password decryption failed, encryption_result is 1
[3804:9076:1128/202646.320:INFO:login_database.cc(1417)] Password decryption failed, encryption_result is 1
[3804:9076:1128/202646.320:INFO:login_database.cc(1417)] Password decryption failed, encryption_result is 1
[3804:9076:1128/202646.320:INFO:login_database.cc(1417)] Password decryption failed, encryption_result is 1
[3804:9076:1128/202646.320:INFO:login_database.cc(1417)] Password decryption failed, encryption_result is 1
[3804:9076:1128/202646.320:INFO:login_database.cc(1417)] Password decryption failed, encryption_result is 1
[3804:9076:1128/202646.320:INFO:login_database.cc(1417)] Password decryption failed, encryption_result is 1
[3804:9076:1128/202646.320:INFO:login_database.cc(1417)] Password decryption failed, encryption_result is 1
[3804:9076:1128/202646.320:INFO:login_database.cc(1417)] Password decryption failed, encryption_result is 1
[3804:9076:1128/202646.320:INFO:login_database.cc(1417)] Password decryption failed, encryption_result is 1
[3804:9076:1128/202646.320:INFO:login_database.cc(1417)] Password decryption failed, encryption_result is 1
[3804:9076:1128/202646.320:INFO:login_database.cc(1417)] Password decryption failed, encryption_result is 1
[3804:9076:1128/202646.320:INFO:login_database.cc(1417)] Password decryption failed, encryption_result is 1
[3804:9076:1128/202646.320:INFO:login_database.cc(1417)] Password decryption failed, encryption_result is 1
[3804:9076:1128/202646.321:INFO:login_database.cc(1417)] Password decryption failed, encryption_result is 1
[3804:9076:1128/202646.321:INFO:login_database.cc(1417)] Password decryption failed, encryption_result is 1
[3804:9076:1128/202646.321:INFO:login_database.cc(1417)] Password decryption failed, encryption_result is 1
[3804:9076:1128/202646.321:INFO:login_database.cc(1417)] Password decryption failed, encryption_result is 1
[3804:9076:1128/202646.321:INFO:login_database.cc(1417)] Password decryption failed, encryption_result is 1
[3804:9076:1128/202646.321:INFO:login_database.cc(1417)] Password decryption failed, encryption_result is 1
[3804:9076:1128/202646.321:INFO:login_database.cc(1417)] Password decryption failed, encryption_result is 1
[3804:9076:1128/202646.321:INFO:login_database.cc(1417)] Password decryption failed, encryption_result is 1
[3804:9076:1128/202646.321:INFO:login_database.cc(1417)] Password decryption failed, encryption_result is 1
[3804:9076:1128/202646.321:INFO:login_database.cc(1417)] Password decryption failed, encryption_result is 1
[3804:9076:1128/202646.321:INFO:login_database.cc(1417)] Password decryption failed, encryption_result is 1
[3804:9076:1128/202646.321:INFO:login_database.cc(1417)] Password decryption failed, encryption_result is 1
[3804:9076:1128/202646.321:INFO:login_database.cc(1417)] Password decryption failed, encryption_result is 1
[3804:9076:1128/202646.321:INFO:login_database.cc(1417)] Password decryption failed, encryption_result is 1
[3804:9076:1128/202646.321:INFO:login_database.cc(1417)] Password decryption failed, encryption_result is 1
[3804:9076:1128/202646.321:INFO:login_database.cc(1417)] Password decryption failed, encryption_result is 1
[3804:9076:1128/202646.321:INFO:login_database.cc(1417)] Password decryption failed, encryption_result is 1
[3804:9076:1128/202646.321:INFO:login_database.cc(1417)] Password decryption failed, encryption_result is 1
[3804:9076:1128/202646.321:INFO:login_database.cc(1417)] Password decryption failed, encryption_result is 1
[3804:9076:1128/202646.321:INFO:login_database.cc(1417)] Password decryption failed, encryption_result is 1
[3804:9076:1128/202646.321:INFO:login_database.cc(1417)] Password decryption failed, encryption_result is 1
[3804:9076:1128/202646.321:INFO:login_database.cc(1417)] Password decryption failed, encryption_result is 1
[3804:9076:1128/202646.321:INFO:login_database.cc(1417)] Password decryption failed, encryption_result is 1
[3804:9076:1128/202646.321:INFO:login_database.cc(1417)] Password decryption failed, encryption_result is 1
[3804:9076:1128/202646.321:INFO:login_database.cc(1417)] Password decryption failed, encryption_result is 1
[3804:9076:1128/202646.321:INFO:login_database.cc(1417)] Password decryption failed, encryption_result is 1
[3804:9076:1128/202646.321:INFO:login_database.cc(1417)] Password decryption failed, encryption_result is 1
[3804:9076:1128/202646.321:INFO:login_database.cc(1417)] Password decryption failed, encryption_result is 1
[3804:9076:1128/202646.321:INFO:login_database.cc(1417)] Password decryption failed, encryption_result is 1
[3804:9076:1128/202646.321:INFO:login_database.cc(1417)] Password decryption failed, encryption_result is 1
[3804:9076:1128/202646.321:INFO:login_database.cc(1417)] Password decryption failed, encryption_result is 1
[3804:9076:1128/202646.321:INFO:login_database.cc(1417)] Password decryption failed, encryption_result is 1
[3804:9076:1128/202646.321:INFO:login_database.cc(1417)] Password decryption failed, encryption_result is 1
[3804:9076:1128/202646.321:INFO:login_database.cc(1417)] Password decryption failed, encryption_result is 1
[3804:9076:1128/202646.321:INFO:login_database.cc(1417)] Password decryption failed, encryption_result is 1
[3804:9076:1128/202646.321:INFO:login_database.cc(1417)] Password decryption failed, encryption_result is 1
[3804:9076:1128/202646.321:INFO:login_database.cc(1417)] Password decryption failed, encryption_result is 1
[3804:9076:1128/202646.321:INFO:login_database.cc(1417)] Password decryption failed, encryption_result is 1
[3804:9076:1128/202646.321:INFO:login_database.cc(1417)] Password decryption failed, encryption_result is 1
[3804:9076:1128/202646.321:INFO:login_database.cc(1417)] Password decryption failed, encryption_result is 1
[3804:9076:1128/202646.321:INFO:login_database.cc(1417)] Password decryption failed, encryption_result is 1
[3804:9076:1128/202646.321:INFO:login_database.cc(1417)] Password decryption failed, encryption_result is 1
[3804:9076:1128/202646.321:INFO:login_database.cc(1417)] Password decryption failed, encryption_result is 1
[3804:9076:1128/202646.321:INFO:login_database.cc(1417)] Password decryption failed, encryption_result is 1
[3804:9076:1128/202646.321:INFO:login_database.cc(1417)] Password decryption failed, encryption_result is 1
[3804:9076:1128/202646.321:INFO:login_database.cc(1417)] Password decryption failed, encryption_result is 1
[3804:9076:1128/202646.321:INFO:login_database.cc(1417)] Password decryption failed, encryption_result is 1
[3804:9076:1128/202646.321:INFO:login_database.cc(1417)] Password decryption failed, encryption_result is 1
[3804:9076:1128/202646.321:INFO:login_database.cc(1417)] Password decryption failed, encryption_result is 1
[3804:9076:1128/202646.321:INFO:login_database.cc(1417)] Password decryption failed, encryption_result is 1
[3804:9076:1128/202646.321:INFO:login_database.cc(1417)] Password decryption failed, encryption_result is 1
[3804:9076:1128/202646.321:INFO:login_database.cc(1417)] Password decryption failed, encryption_result is 1
[3804:9076:1128/202646.321:INFO:login_database.cc(1417)] Password decryption failed, encryption_result is 1
[3804:9076:1128/202646.321:INFO:login_database.cc(1417)] Password decryption failed, encryption_result is 1
[3804:9076:1128/202646.321:INFO:login_database.cc(1417)] Password decryption failed, encryption_result is 1
[3804:9076:1128/202646.321:INFO:login_database.cc(1417)] Password decryption failed, encryption_result is 1
[3804:9076:1128/202646.321:INFO:login_database.cc(1417)] Password decryption failed, encryption_result is 1
[3804:9076:1128/202646.321:INFO:login_database.cc(1417)] Password decryption failed, encryption_result is 1
